<?xml version="1.0" encoding="UTF-8"?>
<testsuite name="JsonModelTest" tests="1" skipped="0" failures="0" errors="0" timestamp="2025-05-25T15:13:14" hostname="LAPTOP-HJ7LS73J" time="0.048">
  <properties/>
  <testcase name="valid_JsonObject_errors()" classname="JsonModelTest" time="0.048"/>
  <system-out><![CDATA[{"name": "Test", "age": "30", "active": true}
[]
]]></system-out>
  <system-err><![CDATA[]]></system-err>
</testsuite>
